{"level":"info","message":"Database connected."}
{"level":"info","message":"Database connected."}
{"level":"error","message":"Todos lo campos son requeridos y deben ser valido.\n  Lista de campos recibidos en la solicitud:\n    - first_name  : Martin\n    - last_name   : undefined\n    - age         : 37\n    - email       : martinalejandrocenturion@gmail.com\n    - password    : 1111\n    "}
{"level":"info","message":"Database connected."}
{"level":"info","message":"Database connected."}
{"level":"info","message":"Database connected."}
{"level":"info","message":"Database connected."}
{"level":"info","message":"Database connected."}
{"level":"info","message":"Database connected."}
{"level":"info","message":"Database connected."}
{"level":"info","message":"Database connected."}
{"level":"info","message":"Database connected."}
{"level":"info","message":"Database connected."}
{"level":"info","message":"Database connected."}
{"level":"info","message":"Database connected."}
{"level":"info","message":"Database connected."}
{"level":"info","message":"Database connected."}
{"level":"info","message":"Database connected."}
{"level":"info","message":"Database connected."}
{"level":"info","message":"Database connected."}
{"level":"info","message":"Database connected."}
{"level":"info","message":"Database connected."}
{"level":"info","message":"Database connected."}
{"level":"info","message":"Database connected."}
{"level":"info","message":"Database connected."}
{"level":"info","message":"Database connected."}
{"level":"info","message":"Database connected."}
{"level":"info","message":"Database connected."}
{"level":"info","message":"Database connected."}
{"level":"info","message":"Database connected."}
{"level":"info","message":"Database connected."}
{"level":"info","message":"Database connected."}
{"level":"info","message":"PORT: "}
{"level":"info","message":"Server running in http://localhost:8081 (development)"}
{"level":"info","message":"Database connected."}
{"level":"info","message":"PORT: "}
{"level":"info","message":"Server running in http://localhost:8081 (development)"}
{"level":"info","message":"Database connected."}
{"level":"info","message":"PORT: "}
{"level":"info","message":"Server running in http://localhost:8081 (development)"}
{"level":"info","message":"Database connected."}
{"level":"info","message":"PORT: "}
{"level":"info","message":"Server running in http://localhost:8081 (development)"}
{"level":"info","message":"Database connected."}
{"level":"info","message":"PORT: "}
{"level":"info","message":"Server running in http://localhost:8081 (development)"}
{"level":"info","message":"Database connected."}
{"level":"info","message":"PORT: "}
{"level":"info","message":"Server running in http://localhost:8081 (development)"}
{"level":"info","message":"Database connected."}
{"level":"info","message":"PORT: "}
{"level":"info","message":"Server running in http://localhost:8081 (development)"}
{"level":"info","message":"Database connected."}
{"level":"info","message":"PORT: "}
{"level":"info","message":"Server running in http://localhost:8081 (development)"}
{"level":"info","message":"Database connected."}
{"level":"info","message":"PORT: "}
{"level":"info","message":"Server running in http://localhost:8081 (development)"}
{"level":"info","message":"Database connected."}
{"level":"info","message":"PORT: "}
{"level":"info","message":"Server running in http://localhost:8081 (development)"}
{"level":"info","message":"Database connected."}
{"level":"info","message":"PORT: "}
{"level":"info","message":"Server running in http://localhost:8080 (production)"}
{"level":"info","message":"Database connected."}
{"level":"info","message":"PORT: "}
{"level":"info","message":"Server running in http://localhost:8081 (development)"}
{"level":"info","message":"Database connected."}
{"level":"info","message":"PORT: , 8081"}
{"level":"info","message":"Server running in http://localhost:8081 (development)"}
{"level":"info","message":"Database connected."}
{"level":"info","message":"PORT: 8081"}
{"level":"info","message":"Server running in http://localhost:8081 (development)"}
{"level":"info","message":"Database connected."}
{"level":"info","message":"PORT: 8081"}
{"level":"info","message":"Server running in http://localhost:8081 (development)"}
{"level":"error","message":"Error to connect to database"}
{"level":"info","message":"PORT: 8081"}
{"level":"info","message":"Server running in http://localhost:8081 (development)"}
{"level":"info","message":"Database connected."}
{"level":"info","message":"PORT: 8081"}
{"level":"info","message":"Server running in http://localhost:8081 (development)"}
{"level":"info","message":"Database connected."}
{"level":"info","message":"PORT: 8081"}
{"level":"info","message":"Server running in http://localhost:8081 (development)"}
{"level":"info","message":"Database connected."}
{"level":"info","message":"PORT: 8081"}
{"level":"info","message":"Server running in http://localhost:8081 (development)"}
{"level":"info","message":"Database connected."}
{"level":"info","message":"PORT: 8081"}
{"level":"info","message":"Server running in http://localhost:8081 (development)"}
{"level":"info","message":"Database connected."}
{"level":"info","message":"PORT: 8081"}
{"level":"info","message":"Server running in http://localhost:8081 (development)"}
{"level":"info","message":"Database connected."}
{"level":"info","message":"PORT: 8081"}
{"level":"info","message":"Server running in http://localhost:8081 (development)"}
{"level":"info","message":"Database connected."}
{"level":"info","message":"PORT: 8081"}
{"level":"info","message":"Server running in http://localhost:8081 (development)"}
{"level":"info","message":"Database connected."}
{"level":"info","message":"PORT: 8081"}
{"level":"info","message":"Server running in http://localhost:8081 (development)"}
{"level":"info","message":"Database connected."}
{"level":"info","message":"PORT: 8081"}
{"level":"info","message":"Server running in http://localhost:8081 (development)"}
{"level":"error","message":""}
{"level":"info","message":"Database connected."}
{"level":"info","message":"PORT: 8081"}
{"level":"info","message":"Server running in http://localhost:8081 (development)"}
{"level":"error"}
{"level":"info","message":"Database connected."}
{"level":"info","message":"PORT: 8081"}
{"level":"info","message":"Server running in http://localhost:8081 (development)"}
{"level":"info","message":"Database connected."}
{"level":"info","message":"PORT: 8081"}
{"level":"info","message":"Server running in http://localhost:8081 (development)"}
{"level":"info","message":"Database connected."}
{"level":"info","message":"PORT: 8084"}
{"level":"info","message":"Server running in http://localhost:8084 (development)"}
{"level":"info","message":"Database connected."}
{"level":"info","message":"PORT: 8081"}
{"level":"info","message":"Server running in http://localhost:8081 (development)"}
{"level":"info","message":"Database connected."}
{"level":"info","message":"PORT: 8081"}
{"level":"info","message":"Server running in http://localhost:8081 (development)"}
{"level":"info","message":"Database connected."}
{"level":"info","message":"PORT: 8081"}
{"level":"info","message":"Server running in http://localhost:8081 (development)"}
{"level":"info","message":"Database connected."}
{"level":"info","message":"PORT: 8081"}
{"level":"info","message":"Server running in http://localhost:8081 (development)"}
{"level":"error","message":"Todos lo campos son requeridos y deben ser valido.\n  Lista de campos recibidos en la solicitud:\n    - first_name  : Martin\n    - last_name   : undefined\n    - age         : 37\n    - email       : martinalejandrocenturion@gmail.com\n    - password    : 1111\n    "}
{"level":"info","message":"Database connected."}
{"level":"info","message":"PORT: 8081"}
{"level":"info","message":"Server running in http://localhost:8081 (development)"}
{"level":"info","message":"Database connected."}
{"level":"info","message":"PORT: 8081"}
{"level":"info","message":"Server running in http://localhost:8081 (development)"}
{"level":"info","message":"Database connected."}
{"level":"info","message":"PORT: 8081"}
{"level":"info","message":"Server running in http://localhost:8081 (development)"}
{"level":"info","message":"Database connected."}
{"level":"info","message":"PORT: 8081"}
{"level":"info","message":"Server running in http://localhost:8081 (development)"}
{"level":"info","message":"Database connected."}
{"level":"info","message":"PORT: 8081"}
{"level":"info","message":"Server running in http://localhost:8081 (development)"}
{"level":"error"}
{"level":"info","message":"Database connected."}
{"level":"info","message":"PORT: 8081"}
{"level":"info","message":"Server running in http://localhost:8081 (development)"}
{"level":"info","message":"Database connected."}
{"level":"info","message":"PORT: 8081"}
{"level":"info","message":"Server running in http://localhost:8081 (development)"}
{"level":"error"}
{"level":"error"}
{"level":"info","message":"Database connected."}
{"level":"info","message":"PORT: 8081"}
{"level":"info","message":"Server running in http://localhost:8081 (development)"}
{"level":"error"}
{"level":"info","message":"Database connected."}
{"level":"info","message":"PORT: 8081"}
{"level":"info","message":"Server running in http://localhost:8081 (development)"}
{"level":"info","message":"Database connected."}
{"level":"info","message":"PORT: 8081"}
{"level":"info","message":"Server running in http://localhost:8081 (development)"}
{"$__":{"activePaths":{"paths":{"__v":"init","_id":"init","age":"init","cart":"init","createdAt":"init","email":"init","first_name":"init","last_name":"init","password":"init","role":"init","updatedAt":"init"},"states":{"default":{},"init":{"__v":true,"_id":true,"age":true,"cart":true,"createdAt":true,"email":true,"first_name":true,"last_name":true,"password":true,"role":true,"updatedAt":true},"require":{}}},"skipId":true},"$isNew":false,"_doc":{"__v":0,"_id":"65d2bb5b099e705338c8d54a","age":37,"cart":"65d2bb5b099e705338c8d54c","createdAt":"2024-02-19T02:22:19.508Z","email":"mc@gmail.com","first_name":"Martin","last_name":"Centurion","password":"$2b$10$xR84b78Xo3cbOGIoQuOPNe7X0eRKbgbuCbVk65AeYFTktN3PMfu3e","role":"user","updatedAt":"2024-02-19T02:22:19.649Z"},"level":"info","message":"user to update"}
{"level":"info","message":"user updated"}
{"level":"error"}
{"level":"info","message":"Database connected."}
{"level":"info","message":"PORT: 8081"}
{"level":"info","message":"Server running in http://localhost:8081 (development)"}
{"level":"error"}
{"level":"info","message":"Database connected."}
{"level":"info","message":"PORT: 8081"}
{"level":"info","message":"Server running in http://localhost:8081 (development)"}
{"level":"info","message":"Database connected."}
{"level":"info","message":"PORT: 8081"}
{"level":"info","message":"Server running in http://localhost:8081 (development)"}
{"level":"error"}
{"level":"info","message":"Database connected."}
{"level":"info","message":"PORT: 8081"}
{"level":"info","message":"Server running in http://localhost:8081 (development)"}
{"level":"info","message":"Database connected."}
{"level":"info","message":"PORT: 8081"}
{"level":"info","message":"Server running in http://localhost:8081 (development)"}
{"level":"info","message":"Database connected."}
{"level":"info","message":"PORT: 8081"}
{"level":"info","message":"Server running in http://localhost:8081 (development)"}
{"level":"info","message":"Database connected."}
{"level":"info","message":"PORT: 8081"}
{"level":"info","message":"Server running in http://localhost:8081 (development)"}
{"level":"info","message":"Database connected."}
{"level":"info","message":"PORT: 8081"}
{"level":"info","message":"Server running in http://localhost:8081 (development)"}
{"level":"info","message":"Database connected."}
{"level":"info","message":"PORT: 8081"}
{"level":"info","message":"Server running in http://localhost:8081 (development)"}
{"level":"info","message":"Database connected."}
{"level":"info","message":"PORT: 8081"}
{"level":"info","message":"Server running in http://localhost:8081 (development)"}
{"level":"error"}
{"level":"info","message":"Database connected."}
{"level":"info","message":"PORT: 8081"}
{"level":"info","message":"Server running in http://localhost:8081 (development)"}
{"level":"info","message":"Database connected."}
{"level":"info","message":"PORT: 8081"}
{"level":"info","message":"Server running in http://localhost:8081 (development)"}
{"level":"info","message":"Database connected."}
{"level":"info","message":"PORT: 8081"}
{"level":"info","message":"Server running in http://localhost:8081 (development)"}
{"level":"info","message":"Database connected."}
{"level":"info","message":"PORT: 8081"}
{"level":"info","message":"Server running in http://localhost:8081 (development)"}
{"level":"info","message":"Database connected."}
{"level":"info","message":"PORT: 8081"}
{"level":"info","message":"Server running in http://localhost:8081 (development)"}
{"level":"info","message":"Database connected."}
{"level":"info","message":"PORT: 8081"}
{"level":"info","message":"Server running in http://localhost:8081 (development)"}
{"level":"info","message":"Database connected."}
{"level":"info","message":"PORT: 8081"}
{"level":"info","message":"Server running in http://localhost:8081 (development)"}
{"level":"error"}
{"level":"info","message":"Database connected."}
{"level":"info","message":"PORT: 8081"}
{"level":"info","message":"Server running in http://localhost:8081 (development)"}
{"level":"info","message":"Database connected."}
{"level":"info","message":"PORT: 8081"}
{"level":"info","message":"Server running in http://localhost:8081 (development)"}
{"level":"info","message":"Database connected."}
{"level":"info","message":"PORT: 8081"}
{"level":"info","message":"Server running in http://localhost:8081 (development)"}
{"level":"info","message":"Database connected."}
{"level":"info","message":"PORT: 8081"}
{"level":"info","message":"Server running in http://localhost:8081 (development)"}
{"level":"info","message":"Database connected."}
{"level":"info","message":"PORT: 8081"}
{"level":"info","message":"Server running in http://localhost:8081 (development)"}
{"level":"info","message":"Database connected."}
{"level":"info","message":"PORT: 8081"}
{"level":"info","message":"Server running in http://localhost:8081 (development)"}
{"level":"info","message":"Database connected."}
{"level":"info","message":"PORT: 8081"}
{"level":"info","message":"Server running in http://localhost:8081 (development)"}
{"level":"info","message":"Database connected."}
{"level":"info","message":"PORT: 8081"}
{"level":"info","message":"Server running in http://localhost:8081 (development)"}
{"level":"info","message":"Database connected."}
{"level":"info","message":"PORT: 8081"}
{"level":"info","message":"Server running in http://localhost:8081 (development)"}
{"level":"info","message":"Database connected."}
{"level":"info","message":"PORT: 8081"}
{"level":"info","message":"Server running in http://localhost:8081 (development)"}
{"level":"error"}
{"level":"info","message":"Database connected."}
{"level":"info","message":"PORT: 8081"}
{"level":"info","message":"Server running in http://localhost:8081 (development)"}
{"level":"info","message":"Database connected."}
{"level":"info","message":"PORT: 8081"}
{"level":"info","message":"Server running in http://localhost:8081 (development)"}
{"level":"info","message":"Database connected."}
{"level":"info","message":"PORT: 8081"}
{"level":"info","message":"Server running in http://localhost:8081 (development)"}
{"level":"info","message":"Database connected."}
{"level":"info","message":"PORT: 8081"}
{"level":"info","message":"Server running in http://localhost:8081 (development)"}
{"level":"info","message":"Database connected."}
{"level":"info","message":"PORT: 8081"}
{"level":"info","message":"Server running in http://localhost:8081 (development)"}
{"level":"info","message":"Database connected."}
{"level":"info","message":"PORT: 8081"}
{"level":"info","message":"Server running in http://localhost:8081 (development)"}
{"level":"info","message":"Database connected."}
{"level":"info","message":"PORT: 8081"}
{"level":"info","message":"Server running in http://localhost:8081 (development)"}
{"level":"info","message":"Database connected."}
{"level":"info","message":"PORT: 8081"}
{"level":"info","message":"Server running in http://localhost:8081 (development)"}
{"level":"info","message":"Database connected."}
{"level":"info","message":"PORT: 8081"}
{"level":"info","message":"Server running in http://localhost:8081 (development)"}
{"level":"info","message":"Database connected."}
{"level":"info","message":"PORT: 8081"}
{"level":"info","message":"Server running in http://localhost:8081 (development)"}
{"level":"error"}
{"level":"info","message":"Database connected."}
{"level":"info","message":"PORT: 8081"}
{"level":"info","message":"Server running in http://localhost:8081 (development)"}
{"level":"info","message":"Database connected."}
{"level":"info","message":"PORT: 8081"}
{"level":"info","message":"Server running in http://localhost:8081 (development)"}
{"level":"info","message":"Database connected."}
{"level":"info","message":"PORT: 8081"}
{"level":"info","message":"Server running in http://localhost:8081 (development)"}
{"level":"info","message":"Database connected."}
{"level":"info","message":"PORT: 8081"}
{"level":"info","message":"Server running in http://localhost:8081 (development)"}
{"level":"info","message":"Database connected."}
{"level":"info","message":"PORT: 8081"}
{"level":"info","message":"Server running in http://localhost:8081 (development)"}
{"level":"error"}
{"level":"info","message":"Database connected."}
{"level":"info","message":"PORT: 8081"}
{"level":"info","message":"Server running in http://localhost:8081 (development)"}
{"level":"info","message":"Database connected."}
{"level":"info","message":"PORT: 8081"}
{"level":"info","message":"Server running in http://localhost:8081 (development)"}
{"level":"error"}
{"level":"info","message":"Database connected."}
{"level":"info","message":"PORT: 8081"}
{"level":"info","message":"Server running in http://localhost:8081 (development)"}
{"level":"error"}
{"level":"info","message":"Database connected."}
{"level":"info","message":"PORT: 8081"}
{"level":"info","message":"Server running in http://localhost:8081 (development)"}
{"level":"error"}
{"level":"error"}
{"level":"info","message":"Database connected."}
{"level":"info","message":"PORT: 8081"}
{"level":"info","message":"Server running in http://localhost:8081 (development)"}
{"level":"info","message":"Database connected."}
{"level":"info","message":"PORT: 8081"}
{"level":"info","message":"Server running in http://localhost:8081 (development)"}
{"level":"error"}
{"level":"info","message":"Database connected."}
{"level":"info","message":"PORT: 8081"}
{"level":"info","message":"Server running in http://localhost:8081 (development)"}
{"level":"info","message":"Database connected."}
{"level":"info","message":"PORT: 8081"}
{"level":"info","message":"Server running in http://localhost:8081 (development)"}
{"level":"info","message":"Database connected."}
{"level":"info","message":"PORT: 8081"}
{"level":"info","message":"Server running in http://localhost:8081 (development)"}
{"level":"info","message":"Database connected."}
{"level":"info","message":"PORT: 8081"}
{"level":"info","message":"Server running in http://localhost:8081 (development)"}
{"level":"error"}
{"level":"info","message":"Database connected."}
{"level":"info","message":"PORT: 8081"}
{"level":"info","message":"Server running in http://localhost:8081 (development)"}
{"level":"info","message":"Database connected."}
{"level":"info","message":"PORT: 8081"}
{"level":"info","message":"Server running in http://localhost:8081 (development)"}
{"level":"error"}
{"level":"error"}
{"level":"info","message":"Database connected."}
{"level":"info","message":"PORT: 8081"}
{"level":"info","message":"Server running in http://localhost:8081 (development)"}
{"level":"info","message":"Database connected."}
{"level":"info","message":"PORT: 8081"}
{"level":"info","message":"Server running in http://localhost:8081 (development)"}
{"level":"info","message":"Database connected."}
{"level":"info","message":"PORT: 8081"}
{"level":"info","message":"Server running in http://localhost:8081 (development)"}
{"level":"info","message":"Database connected."}
{"level":"info","message":"PORT: 8081"}
{"level":"info","message":"Server running in http://localhost:8081 (development)"}
{"level":"info","message":"Database connected."}
{"level":"info","message":"PORT: 8081"}
{"level":"info","message":"Server running in http://localhost:8081 (development)"}
{"level":"info","message":"Database connected."}
{"level":"info","message":"PORT: 8081"}
{"level":"info","message":"Server running in http://localhost:8081 (development)"}
{"level":"info","message":"Database connected."}
{"level":"info","message":"PORT: 8081"}
{"level":"info","message":"Server running in http://localhost:8081 (development)"}
{"level":"info","message":"Database connected."}
{"level":"info","message":"PORT: 8081"}
{"level":"info","message":"Server running in http://localhost:8081 (development)"}
{"level":"info","message":"Database connected."}
{"level":"info","message":"PORT: 8081"}
{"level":"info","message":"Server running in http://localhost:8081 (development)"}
{"level":"info","message":"Database connected."}
{"level":"info","message":"PORT: 8081"}
{"level":"info","message":"Server running in http://localhost:8081 (development)"}
{"level":"info","message":"Database connected."}
{"level":"info","message":"PORT: 8081"}
{"level":"info","message":"Server running in http://localhost:8081 (development)"}
{"level":"info","message":"Database connected."}
{"level":"info","message":"PORT: 8081"}
{"level":"info","message":"Server running in http://localhost:8081 (development)"}
{"level":"info","message":"Database connected."}
{"level":"info","message":"PORT: 8081"}
{"level":"info","message":"Server running in http://localhost:8081 (development)"}
{"level":"info","message":"Database connected."}
{"level":"info","message":"PORT: 8081"}
{"level":"info","message":"Server running in http://localhost:8081 (development)"}
{"level":"info","message":"Database connected."}
{"level":"info","message":"PORT: 8081"}
{"level":"info","message":"Server running in http://localhost:8081 (development)"}
{"level":"info","message":"Database connected."}
{"level":"info","message":"PORT: 8081"}
{"level":"info","message":"Server running in http://localhost:8081 (development)"}
{"level":"info","message":"Database connected."}
{"level":"info","message":"PORT: 8081"}
{"level":"info","message":"Server running in http://localhost:8081 (development)"}
{"level":"info","message":"Database connected."}
{"level":"info","message":"PORT: 8081"}
{"level":"info","message":"Server running in http://localhost:8081 (development)"}
{"level":"info","message":"Database connected."}
{"level":"info","message":"PORT: 8081"}
{"level":"info","message":"Server running in http://localhost:8081 (development)"}
{"level":"info","message":"Database connected."}
{"level":"info","message":"PORT: 8081"}
{"level":"info","message":"Server running in http://localhost:8081 (development)"}
{"level":"info","message":"Database connected."}
{"level":"info","message":"PORT: 8081"}
{"level":"info","message":"Server running in http://localhost:8081 (development)"}
{"level":"info","message":"Database connected."}
{"level":"info","message":"PORT: 8081"}
{"level":"info","message":"Server running in http://localhost:8081 (development)"}
{"level":"info","message":"Database connected."}
{"level":"info","message":"PORT: 8081"}
{"level":"info","message":"Server running in http://localhost:8081 (development)"}
{"level":"info","message":"Database connected."}
{"level":"info","message":"PORT: 8081"}
{"level":"info","message":"Server running in http://localhost:8081 (development)"}
{"level":"info","message":"Database connected."}
{"level":"info","message":"PORT: 8081"}
{"level":"info","message":"Server running in http://localhost:8081 (development)"}
{"level":"info","message":"Database connected."}
{"level":"info","message":"PORT: 8081"}
{"level":"info","message":"Server running in http://localhost:8081 (development)"}
{"level":"info","message":"Database connected."}
{"level":"info","message":"PORT: 8081"}
{"level":"info","message":"Server running in http://localhost:8081 (development)"}
{"level":"info","message":"Database connected."}
{"level":"info","message":"PORT: 8081"}
{"level":"info","message":"Server running in http://localhost:8081 (development)"}
{"level":"info","message":"Database connected."}
{"level":"info","message":"PORT: 8081"}
{"level":"info","message":"Server running in http://localhost:8081 (development)"}
{"level":"info","message":"Database connected."}
{"level":"info","message":"PORT: 8081"}
{"level":"info","message":"Server running in http://localhost:8081 (development)"}
{"level":"info","message":"Database connected."}
{"level":"info","message":"PORT: 8081"}
{"level":"info","message":"Server running in http://localhost:8081 (development)"}
{"level":"info","message":"Database connected."}
{"level":"info","message":"PORT: 8081"}
{"level":"info","message":"Server running in http://localhost:8081 (development)"}
{"level":"info","message":"Database connected."}
{"level":"info","message":"PORT: 8081"}
{"level":"info","message":"Server running in http://localhost:8081 (development)"}
{"level":"info","message":"Database connected."}
{"level":"info","message":"PORT: 8081"}
{"level":"info","message":"Server running in http://localhost:8081 (development)"}
{"level":"info","message":"Database connected."}
{"level":"info","message":"PORT: 8081"}
{"level":"info","message":"Server running in http://localhost:8081 (development)"}
{"level":"info","message":"Database connected."}
{"level":"info","message":"PORT: 8081"}
{"level":"info","message":"Server running in http://localhost:8081 (development)"}
{"level":"info","message":"Database connected."}
{"level":"info","message":"PORT: 8081"}
{"level":"info","message":"Server running in http://localhost:8081 (development)"}
{"level":"info","message":"Database connected."}
{"level":"info","message":"PORT: 8081"}
{"level":"info","message":"Server running in http://localhost:8081 (development)"}
{"level":"info","message":"Database connected."}
{"level":"info","message":"PORT: 8081"}
{"level":"info","message":"Server running in http://localhost:8081 (development)"}
{"level":"info","message":"Database connected."}
{"level":"info","message":"PORT: 8081"}
{"level":"info","message":"Server running in http://localhost:8081 (development)"}
{"level":"info","message":"Database connected."}
{"level":"info","message":"PORT: 8081"}
{"level":"info","message":"Server running in http://localhost:8081 (development)"}
{"level":"info","message":"Database connected."}
{"level":"info","message":"PORT: 8081"}
{"level":"info","message":"Server running in http://localhost:8081 (development)"}
{"level":"info","message":"Database connected."}
{"level":"info","message":"PORT: 8081"}
{"level":"info","message":"Server running in http://localhost:8081 (development)"}
{"level":"info","message":"Database connected."}
{"level":"info","message":"PORT: 8081"}
{"level":"info","message":"Server running in http://localhost:8081 (development)"}
{"level":"info","message":"Database connected."}
{"level":"info","message":"PORT: 8081"}
{"level":"info","message":"Server running in http://localhost:8081 (development)"}
{"level":"info","message":"Database connected."}
{"level":"info","message":"PORT: 8081"}
{"level":"info","message":"Server running in http://localhost:8081 (development)"}
{"level":"info","message":"Database connected."}
{"level":"info","message":"PORT: 8081"}
{"level":"info","message":"Server running in http://localhost:8081 (development)"}
{"level":"info","message":"Database connected."}
{"level":"info","message":"PORT: 8081"}
{"level":"info","message":"Server running in http://localhost:8081 (development)"}
{"level":"info","message":"Database connected."}
{"level":"info","message":"PORT: 8081"}
{"level":"info","message":"Server running in http://localhost:8081 (development)"}
{"level":"info","message":"Database connected."}
{"level":"info","message":"PORT: 8081"}
{"level":"info","message":"Server running in http://localhost:8081 (development)"}
{"level":"info","message":"Database connected."}
{"level":"info","message":"PORT: 8081"}
{"level":"info","message":"Server running in http://localhost:8081 (development)"}
{"level":"info","message":"Database connected."}
{"level":"info","message":"PORT: 8081"}
{"level":"info","message":"Server running in http://localhost:8081 (development)"}
{"level":"info","message":"Database connected."}
{"level":"info","message":"PORT: 8081"}
{"level":"info","message":"Server running in http://localhost:8081 (development)"}
{"level":"info","message":"Database connected."}
{"level":"info","message":"PORT: 8081"}
{"level":"info","message":"Server running in http://localhost:8081 (development)"}
{"level":"info","message":"Database connected."}
{"level":"info","message":"PORT: 8081"}
{"level":"info","message":"Server running in http://localhost:8081 (development)"}
{"level":"info","message":"Database connected."}
{"level":"info","message":"PORT: 8081"}
{"level":"info","message":"Server running in http://localhost:8081 (development)"}
{"level":"info","message":"Database connected."}
{"level":"info","message":"PORT: 8081"}
{"level":"info","message":"Server running in http://localhost:8081 (development)"}
{"level":"info","message":"CartDao"}
{"level":"info","message":"CartDao"}
{"level":"info","message":"CartDao"}
{"level":"error"}
{"level":"info","message":"Database connected."}
{"level":"info","message":"PORT: 8081"}
{"level":"info","message":"Server running in http://localhost:8081 (development)"}
{"level":"info","message":"Database connected."}
{"level":"info","message":"PORT: 8081"}
{"level":"info","message":"Server running in http://localhost:8081 (development)"}
{"level":"info","message":"Database connected."}
{"level":"info","message":"PORT: 8081"}
{"level":"info","message":"Server running in http://localhost:8081 (development)"}
{"level":"info","message":"Database connected."}
{"level":"info","message":"PORT: 8081"}
{"level":"info","message":"Server running in http://localhost:8081 (development)"}
{"level":"info","message":"Database connected."}
{"level":"info","message":"PORT: 8081"}
{"level":"info","message":"Server running in http://localhost:8081 (development)"}
{"level":"info","message":"Database connected."}
{"level":"info","message":"PORT: 8081"}
{"level":"info","message":"Server running in http://localhost:8081 (development)"}
{"level":"error","message":"El email o contraseña son incorrectos.\n   - email       : cendandesarrollos@gmail.com\n   - password    : 1212"}
{"level":"info","message":"Database connected."}
{"level":"info","message":"PORT: 8081"}
{"level":"info","message":"Server running in http://localhost:8081 (development)"}
{"level":"info","message":"Database connected."}
{"level":"info","message":"PORT: 8081"}
{"level":"info","message":"Server running in http://localhost:8081 (development)"}
{"level":"info","message":"Database connected."}
{"level":"info","message":"PORT: 8081"}
{"level":"info","message":"Server running in http://localhost:8081 (development)"}
{"level":"info","message":"Database connected."}
{"level":"info","message":"PORT: 8081"}
{"level":"info","message":"Server running in http://localhost:8081 (development)"}
{"level":"error","message":"El email o contraseña son incorrectos.\n   - email       : cendandesarrollos@gmail.com\n   - password    : 1111"}
{"level":"error","message":"El email o contraseña son incorrectos.\n   - email       : cendandesarrollos@gmail.com\n   - password    : 1234"}
{"level":"error","message":"El email o contraseña son incorrectos.\n   - email       : cendandesarrollos@gmail.com\n   - password    : 1212"}
{"level":"info","message":"Database connected."}
{"level":"info","message":"PORT: 8081"}
{"level":"info","message":"Server running in http://localhost:8081 (development)"}
{"level":"info","message":"Database connected."}
{"level":"info","message":"PORT: 8081"}
{"level":"info","message":"Server running in http://localhost:8081 (development)"}
{"level":"info","message":"Database connected."}
{"level":"info","message":"PORT: 8081"}
{"level":"info","message":"Server running in http://localhost:8081 (development)"}
{"level":"info","message":"Database connected."}
{"level":"info","message":"PORT: 8081"}
{"level":"info","message":"Server running in http://localhost:8081 (development)"}
{"level":"info","message":"Database connected."}
{"level":"info","message":"PORT: 8081"}
{"level":"info","message":"Server running in http://localhost:8081 (development)"}
{"level":"info","message":"Database connected."}
{"level":"info","message":"PORT: 8081"}
{"level":"info","message":"Server running in http://localhost:8081 (development)"}
{"level":"info","message":"Database connected."}
{"level":"info","message":"PORT: 8081"}
{"level":"info","message":"Server running in http://localhost:8081 (development)"}
{"level":"info","message":"Database connected."}
{"level":"info","message":"PORT: 8081"}
{"level":"info","message":"Server running in http://localhost:8081 (development)"}
{"level":"info","message":"Database connected."}
{"level":"info","message":"PORT: 8081"}
{"level":"info","message":"Server running in http://localhost:8081 (development)"}
{"level":"info","message":"Database connected."}
{"level":"info","message":"PORT: 8081"}
{"level":"info","message":"Server running in http://localhost:8081 (development)"}
{"level":"error","message":"El email o contraseña son incorrectos.\n   - email       : cendandesarrollos@gmail.com\n   - password    : 1234"}
{"level":"error","message":"El email o contraseña son incorrectos.\n   - email       : cendandesarrollos@gmail.com\n   - password    : 1111"}
{"level":"info","message":"Database connected."}
{"level":"info","message":"PORT: 8081"}
{"level":"info","message":"Server running in http://localhost:8081 (development)"}
{"level":"info","message":"Database connected."}
{"level":"info","message":"PORT: 8081"}
{"level":"info","message":"Server running in http://localhost:8081 (development)"}
{"level":"info","message":"Database connected."}
{"level":"info","message":"PORT: 8081"}
{"level":"info","message":"Server running in http://localhost:8081 (development)"}
{"level":"info","message":"Database connected."}
{"level":"info","message":"PORT: 8081"}
{"level":"info","message":"Server running in http://localhost:8081 (development)"}
{"level":"error"}
{"level":"info","message":"Database connected."}
{"level":"info","message":"PORT: 8081"}
{"level":"info","message":"Server running in http://localhost:8081 (development)"}
{"level":"error"}
{"level":"error"}
{"level":"info","message":"Database connected."}
{"level":"info","message":"PORT: 8081"}
{"level":"info","message":"Server running in http://localhost:8081 (development)"}
{"level":"info","message":"Database connected."}
{"level":"info","message":"PORT: 8081"}
{"level":"info","message":"Server running in http://localhost:8081 (development)"}
{"level":"info","message":"Database connected."}
{"level":"info","message":"PORT: 8081"}
{"level":"info","message":"Server running in http://localhost:8081 (development)"}
{"level":"info","message":"Database connected."}
{"level":"info","message":"PORT: 8081"}
{"level":"info","message":"Server running in http://localhost:8081 (development)"}
